<?xml version="1.0" encoding="UTF-8"?>
<testsuite xmlns:xsi="http://www.w3.org/2001/XMLSchema-instance" xsi:noNamespaceSchemaLocation="https://maven.apache.org/surefire/maven-surefire-plugin/xsd/surefire-test-report.xsd" version="3.0.1" name="Runner.RunnerClass" time="21.223" tests="1" errors="0" skipped="0" failures="0">
  <properties>
[...]
</properties>
  <testcase name="Login to Naukri Portal" classname="Launch Naukri and search jobs" time="19.345">
    <system-out><![CDATA[
@login
Scenario: Login to Naukri Portal                               # file:///mnt/c/Users/ven81428/OneDrive%20-%20Viavi%20Solutions%20Inc/Desktop/MyWorkSpace/Naukri/FeatureFiles/Login.feature:5
WebDriver initialized successfully
Navigated to: https://www.naukri.com/nlogin/login
  ✔ Given User enters the Url                                  # StepDefenitions.LoginStepDefenition.user_enters_the_url()
  ✔ Then User Enters 'sridharsush@gmail.com' and 'Gmail@96002' # StepDefenitions.LoginStepDefenition.user_enters_username_and_password(java.lang.String,java.lang.String)
  ✔ And Click on Submit button                                 # StepDefenitions.LoginStepDefenition.click_on_submit_button()
Page Title: Jobseeker's Login: Search the Best Jobs available in India & Abroad - Naukri.com
  ✔ Then Get the page title                                    # StepDefenitions.LoginStepDefenition.get_the_page_title()
]]></system-out>
    <system-err><![CDATA[SLF4J(W): No SLF4J providers were found.
SLF4J(W): Defaulting to no-operation (NOP) logger implementation
SLF4J(W): See https://www.slf4j.org/codes.html#noProviders for further details.
Nov 27, 2025 4:07:40 PM org.openqa.selenium.devtools.CdpVersionFinder findNearestMatch
WARNING: Unable to find an exact match for CDP version 142, returning the closest version; found: 139; Please update to a Selenium version that supports CDP version 142
]]></system-err>
  </testcase>
</testsuite>